<?xml version="1.0" encoding="UTF-8"?>
<!-- Generated by org.testng.reporters.JUnitReportReporter -->
<testsuite hostname="MacBook-Pro.local" failures="0" tests="1" name="com.framework.testcases.RedBusTest" time="1.572" errors="0" timestamp="2021-12-18T13:13:40 IST" skipped="0">
  <testcase classname="com.framework.testcases.RedBusTest" name="openRedbus" time="1.572"/>
  <system-out/>
</testsuite> <!-- com.framework.testcases.RedBusTest -->
