<?xml version="1.0" encoding="UTF-8"?>
<!-- Generated by org.testng.reporters.JUnitReportReporter -->
<testsuite hostname="MacBook-Pro.local" failures="0" tests="1" name="com.framework.testcases.ExampleTest" time="3.761" errors="0" timestamp="2021-12-18T13:13:40 IST" skipped="0">
  <testcase classname="com.framework.testcases.ExampleTest" name="SelectMenShirt" time="3.761"/>
  <system-out/>
</testsuite> <!-- com.framework.testcases.ExampleTest -->
