<?xml version="1.0" encoding="UTF-8"?>
<!-- Generated by org.testng.reporters.JUnitReportReporter -->
<testsuite hostname="MacBook-Pro.local" failures="0" tests="1" name="com.framework.testcases.AjioTest" time="2.820" errors="0" timestamp="2021-12-18T13:13:40 IST" skipped="0">
  <testcase classname="com.framework.testcases.AjioTest" name="SelectMenShirt" time="2.820"/>
  <system-out/>
</testsuite> <!-- com.framework.testcases.AjioTest -->
